<?xml version="1.0" encoding="UTF-8"?>
<!-- Generated by org.testng.reporters.JUnitXMLReporter -->
<testsuite ignored="0" hostname="LAPTOP-48HCJLNU" failures="0" tests="3" name="Default test" time="0.704" errors="0" timestamp="2023-04-12T14:58:40 EDT">
  <testcase classname="dataDriven.IntegrateExcelTestNG.dataProvider" name="testcasedata" time="0.009"/>
  <testcase classname="dataDriven.IntegrateExcelTestNG.dataProvider" name="testcasedata" time="0.001"/>
  <testcase classname="dataDriven.IntegrateExcelTestNG.dataProvider" name="testcasedata" time="0.001"/>
</testsuite> <!-- Default test -->
