<?xml version="1.0" encoding="UTF-8"?>
<testng-results ignored="0" total="3" passed="3" failed="0" skipped="0">
  <reporter-output>
  </reporter-output>
  <suite started-at="2023-04-12T14:58:39 EDT" name="Default suite" finished-at="2023-04-12T14:58:40 EDT" duration-ms="704">
    <groups>
    </groups>
    <test started-at="2023-04-12T14:58:39 EDT" name="Default test" finished-at="2023-04-12T14:58:40 EDT" duration-ms="704">
      <class name="dataDriven.IntegrateExcelTestNG.dataProvider">
        <test-method signature="testcasedata(java.lang.String,java.lang.String,java.lang.String)[pri:0, instance:dataDriven.IntegrateExcelTestNG.dataProvider@10e31a9a]" started-at="2023-04-12T14:58:40 EDT" name="testcasedata" data-provider="driveTest" finished-at="2023-04-12T14:58:40 EDT" duration-ms="9" status="PASS">
          <params>
            <param index="0">
              <value>
                <![CDATA[hello]]>
              </value>
            </param>
            <param index="1">
              <value>
                <![CDATA[text]]>
              </value>
            </param>
            <param index="2">
              <value>
                <![CDATA[1]]>
              </value>
            </param>
          </params>
          <reporter-output>
          </reporter-output>
        </test-method> <!-- testcasedata -->
        <test-method signature="testcasedata(java.lang.String,java.lang.String,java.lang.String)[pri:0, instance:dataDriven.IntegrateExcelTestNG.dataProvider@10e31a9a]" started-at="2023-04-12T14:58:40 EDT" name="testcasedata" data-provider="driveTest" finished-at="2023-04-12T14:58:40 EDT" duration-ms="1" status="PASS">
          <params>
            <param index="0">
              <value>
                <![CDATA[bye]]>
              </value>
            </param>
            <param index="1">
              <value>
                <![CDATA[message]]>
              </value>
            </param>
            <param index="2">
              <value>
                <![CDATA[143]]>
              </value>
            </param>
          </params>
          <reporter-output>
          </reporter-output>
        </test-method> <!-- testcasedata -->
        <test-method signature="testcasedata(java.lang.String,java.lang.String,java.lang.String)[pri:0, instance:dataDriven.IntegrateExcelTestNG.dataProvider@10e31a9a]" started-at="2023-04-12T14:58:40 EDT" name="testcasedata" data-provider="driveTest" finished-at="2023-04-12T14:58:40 EDT" duration-ms="1" status="PASS">
          <params>
            <param index="0">
              <value>
                <![CDATA[solo]]>
              </value>
            </param>
            <param index="1">
              <value>
                <![CDATA[call]]>
              </value>
            </param>
            <param index="2">
              <value>
                <![CDATA[45]]>
              </value>
            </param>
          </params>
          <reporter-output>
          </reporter-output>
        </test-method> <!-- testcasedata -->
      </class> <!-- dataDriven.IntegrateExcelTestNG.dataProvider -->
    </test> <!-- Default test -->
  </suite> <!-- Default suite -->
</testng-results>
